<?xml version="1.0" encoding="UTF-8"?>
<testsuite xmlns:xsi="http://www.w3.org/2001/XMLSchema-instance" xsi:noNamespaceSchemaLocation="https://maven.apache.org/surefire/maven-surefire-plugin/xsd/surefire-test-report.xsd" name="TestSuite" time="31.865" tests="3" errors="0" skipped="0" failures="0">
  <properties>
[...]
</properties>
  <testcase name="verifyLoginToHouPerSiteTest" classname="com.qa.houpermitproject.tests.LoginPage_HouPerTest" time="3.155"/>
  <testcase name="verifyLoginToHouPerSiteTest" classname="com.qa.houpermitproject.tests.LoginPage_HouPerTest" time="8.646"/>
  <testcase name="verifyLoginToHouPerSiteTest" classname="com.qa.houpermitproject.tests.LoginPage_HouPerTest" time="9.394"/>
</testsuite>